[ 2014-11-21T15:54:22+08:00 ]NOTICE:  : [8] Use of undefined constant METHOD - assumed 'METHOD' D:\wamp\www\www\11\ymgshop\YMGSHOP\Temp\Compile\Admin\Index\index_3578992c.php 第 81 行.

[ 2014-11-21T15:54:22+08:00 ]ERROR: 控制器中不存在动作Css
[ 2014-11-21T15:54:22+08:00 ]ERROR: 控制器中不存在动作Css
[ 2014-11-21T15:54:36+08:00 ]NOTICE:  : [8] Use of undefined constant METHOD - assumed 'METHOD' D:\wamp\www\www\11\ymgshop\YMGSHOP\Temp\Compile\Admin\Index\index_3578992c.php 第 81 行.

[ 2014-11-21T15:54:36+08:00 ]ERROR: 控制器中不存在动作Css
[ 2014-11-21T15:54:36+08:00 ]ERROR: 控制器中不存在动作Css
[ 2014-11-21T15:54:37+08:00 ]NOTICE:  : [8] Use of undefined constant METHOD - assumed 'METHOD' D:\wamp\www\www\11\ymgshop\YMGSHOP\Temp\Compile\Admin\Index\index_3578992c.php 第 81 行.

[ 2014-11-21T15:54:37+08:00 ]ERROR: 控制器中不存在动作Css
[ 2014-11-21T15:54:37+08:00 ]ERROR: 控制器中不存在动作Css
[ 2014-11-21T15:54:38+08:00 ]NOTICE:  : [8] Use of undefined constant METHOD - assumed 'METHOD' D:\wamp\www\www\11\ymgshop\YMGSHOP\Temp\Compile\Admin\Index\index_3578992c.php 第 81 行.

[ 2014-11-21T15:54:38+08:00 ]ERROR: 控制器中不存在动作Css
[ 2014-11-21T15:54:38+08:00 ]ERROR: 控制器中不存在动作Css
[ 2014-11-21T15:54:38+08:00 ]NOTICE:  : [8] Use of undefined constant METHOD - assumed 'METHOD' D:\wamp\www\www\11\ymgshop\YMGSHOP\Temp\Compile\Admin\Index\index_3578992c.php 第 81 行.

[ 2014-11-21T15:54:38+08:00 ]NOTICE:  : [8] Use of undefined constant METHOD - assumed 'METHOD' D:\wamp\www\www\11\ymgshop\YMGSHOP\Temp\Compile\Admin\Index\index_3578992c.php 第 81 行.

[ 2014-11-21T15:54:38+08:00 ]ERROR: 控制器中不存在动作Css
[ 2014-11-21T15:54:38+08:00 ]ERROR: 控制器中不存在动作Css
[ 2014-11-21T15:55:23+08:00 ]NOTICE:  : [8] Undefined variable: gt D:\wamp\www\www\11\ymgshop\YMGSHOP\Temp\Compile\Admin\Goods\edit_4b4f6f79.php 第 308 行.

[ 2014-11-21T15:55:29+08:00 ]NOTICE:  : [8] Undefined variable: gt D:\wamp\www\www\11\ymgshop\YMGSHOP\Temp\Compile\Admin\Goods\edit_4b4f6f79.php 第 308 行.

[ 2014-11-21T15:55:56+08:00 ]NOTICE:  : [8] Undefined variable: gt D:\wamp\www\www\11\ymgshop\YMGSHOP\Temp\Compile\Admin\Goods\edit_4b4f6f79.php 第 308 行.

[ 2014-11-21T15:58:22+08:00 ]NOTICE:  : [8] Undefined variable: gt D:\wamp\www\www\11\ymgshop\YMGSHOP\Temp\Compile\Admin\Goods\edit_4b4f6f79.php 第 308 行.

[ 2014-11-21T15:58:56+08:00 ]NOTICE:  : [8] Undefined variable: gt D:\wamp\www\www\11\ymgshop\YMGSHOP\Temp\Compile\Admin\Goods\edit_4b4f6f79.php 第 308 行.

[ 2014-11-21T16:02:00+08:00 ]NOTICE:  : [8] Undefined variable: gt D:\wamp\www\www\11\ymgshop\YMGSHOP\Temp\Compile\Admin\Goods\edit_4b4f6f79.php 第 309 行.

[ 2014-11-21T16:04:06+08:00 ]NOTICE:  : [8] Undefined variable: gt D:\wamp\www\www\11\ymgshop\YMGSHOP\Temp\Compile\Admin\Goods\edit_4b4f6f79.php 第 309 行.

[ 2014-11-21T16:04:21+08:00 ]NOTICE:  : [8] Undefined variable: gt D:\wamp\www\www\11\ymgshop\YMGSHOP\Temp\Compile\Admin\Goods\edit_4b4f6f79.php 第 310 行.

[ 2014-11-21T16:05:02+08:00 ]NOTICE:  : [8] Undefined variable: gt D:\wamp\www\www\11\ymgshop\YMGSHOP\Temp\Compile\Admin\Goods\edit_4b4f6f79.php 第 310 行.

[ 2014-11-21T16:05:16+08:00 ]NOTICE:  : [8] Undefined variable: gt D:\wamp\www\www\11\ymgshop\YMGSHOP\Temp\Compile\Admin\Goods\edit_4b4f6f79.php 第 310 行.

[ 2014-11-21T16:05:30+08:00 ]NOTICE:  : [8] Undefined variable: gt D:\wamp\www\www\11\ymgshop\YMGSHOP\Temp\Compile\Admin\Goods\edit_4b4f6f79.php 第 310 行.

[ 2014-11-21T16:05:54+08:00 ]NOTICE:  : [8] Use of undefined constant METHOD - assumed 'METHOD' D:\wamp\www\www\11\ymgshop\YMGSHOP\Temp\Compile\Admin\Index\index_3578992c.php 第 81 行.

[ 2014-11-21T16:05:54+08:00 ]ERROR: 控制器中不存在动作Css
[ 2014-11-21T16:05:54+08:00 ]ERROR: 控制器中不存在动作Css
[ 2014-11-21T16:05:59+08:00 ]NOTICE:  : [8] Undefined variable: gt D:\wamp\www\www\11\ymgshop\YMGSHOP\Temp\Compile\Admin\Goods\edit_4b4f6f79.php 第 310 行.

[ 2014-11-21T16:07:31+08:00 ]NOTICE:  : [8] Use of undefined constant METHOD - assumed 'METHOD' D:\wamp\www\www\11\ymgshop\YMGSHOP\Temp\Compile\Admin\Index\index_3578992c.php 第 81 行.

[ 2014-11-21T16:07:31+08:00 ]ERROR: 控制器中不存在动作Css
[ 2014-11-21T16:07:31+08:00 ]ERROR: 控制器中不存在动作Css
[ 2014-11-21T16:07:36+08:00 ]NOTICE:  : [8] Undefined variable: gt D:\wamp\www\www\11\ymgshop\YMGSHOP\Temp\Compile\Admin\Goods\edit_4b4f6f79.php 第 310 行.

[ 2014-11-21T16:07:41+08:00 ]NOTICE:  : [8] Use of undefined constant METHOD - assumed 'METHOD' D:\wamp\www\www\11\ymgshop\YMGSHOP\Temp\Compile\Admin\Index\index_3578992c.php 第 81 行.

[ 2014-11-21T16:07:41+08:00 ]ERROR: 控制器中不存在动作Css
[ 2014-11-21T16:07:41+08:00 ]ERROR: 控制器中不存在动作Css
[ 2014-11-21T16:07:44+08:00 ]NOTICE:  : [8] Undefined variable: gt D:\wamp\www\www\11\ymgshop\YMGSHOP\Temp\Compile\Admin\Goods\edit_4b4f6f79.php 第 310 行.

[ 2014-11-21T16:10:51+08:00 ]NOTICE:  : [8] Use of undefined constant METHOD - assumed 'METHOD' D:\wamp\www\www\11\ymgshop\YMGSHOP\Temp\Compile\Admin\Index\index_3578992c.php 第 81 行.

[ 2014-11-21T16:10:51+08:00 ]NOTICE:  : [8] Use of undefined constant METHOD - assumed 'METHOD' D:\wamp\www\www\11\ymgshop\YMGSHOP\Temp\Compile\Admin\Index\index_3578992c.php 第 81 行.

[ 2014-11-21T16:10:51+08:00 ]NOTICE:  : [8] Undefined variable: gt D:\wamp\www\www\11\ymgshop\YMGSHOP\Temp\Compile\Admin\Goods\edit_4b4f6f79.php 第 310 行.

[ 2014-11-21T16:11:26+08:00 ]NOTICE:  : [8] Use of undefined constant METHOD - assumed 'METHOD' D:\wamp\www\www\11\ymgshop\YMGSHOP\Temp\Compile\Admin\Index\index_3578992c.php 第 81 行.

[ 2014-11-21T16:11:26+08:00 ]ERROR: 控制器中不存在动作Css
[ 2014-11-21T16:11:26+08:00 ]ERROR: 控制器中不存在动作Css
[ 2014-11-21T16:11:32+08:00 ]NOTICE:  : [8] Undefined variable: gt D:\wamp\www\www\11\ymgshop\YMGSHOP\Temp\Compile\Admin\Goods\edit_4b4f6f79.php 第 309 行.

[ 2014-11-21T16:11:48+08:00 ]NOTICE:  : [8] Use of undefined constant METHOD - assumed 'METHOD' D:\wamp\www\www\11\ymgshop\YMGSHOP\Temp\Compile\Admin\Index\index_3578992c.php 第 81 行.

[ 2014-11-21T16:11:48+08:00 ]ERROR: 控制器中不存在动作Css
[ 2014-11-21T16:11:49+08:00 ]ERROR: 控制器中不存在动作Css
[ 2014-11-21T16:11:55+08:00 ]ERROR: 控制器WebSetController不存在
[ 2014-11-21T16:11:59+08:00 ]NOTICE:  : [8] Undefined variable: gt D:\wamp\www\www\11\ymgshop\YMGSHOP\Temp\Compile\Admin\Goods\edit_4b4f6f79.php 第 309 行.

[ 2014-11-21T16:12:24+08:00 ]NOTICE:  : [8] Use of undefined constant METHOD - assumed 'METHOD' D:\wamp\www\www\11\ymgshop\YMGSHOP\Temp\Compile\Admin\Index\index_3578992c.php 第 81 行.

[ 2014-11-21T16:12:25+08:00 ]ERROR: 控制器中不存在动作Css
[ 2014-11-21T16:12:25+08:00 ]ERROR: 控制器中不存在动作Css
[ 2014-11-21T16:12:29+08:00 ]NOTICE:  : [8] Undefined variable: gt D:\wamp\www\www\11\ymgshop\YMGSHOP\Temp\Compile\Admin\Goods\edit_4b4f6f79.php 第 309 行.

[ 2014-11-21T16:12:35+08:00 ]NOTICE:  : [8] Undefined variable: gt D:\wamp\www\www\11\ymgshop\YMGSHOP\Temp\Compile\Admin\Goods\edit_4b4f6f79.php 第 309 行.

[ 2014-11-21T16:12:57+08:00 ]NOTICE:  : [8] Undefined variable: gt D:\wamp\www\www\11\ymgshop\YMGSHOP\Temp\Compile\Admin\Goods\edit_4b4f6f79.php 第 309 行.

[ 2014-11-21T16:13:16+08:00 ]NOTICE:  : [8] Undefined variable: gt D:\wamp\www\www\11\ymgshop\YMGSHOP\Temp\Compile\Admin\Goods\edit_4b4f6f79.php 第 309 行.

[ 2014-11-21T16:14:01+08:00 ]NOTICE:  : [8] Undefined variable: gt D:\wamp\www\www\11\ymgshop\YMGSHOP\Temp\Compile\Admin\Goods\edit_4b4f6f79.php 第 309 行.

[ 2014-11-21T16:14:14+08:00 ]NOTICE:  : [8] Undefined variable: gt D:\wamp\www\www\11\ymgshop\YMGSHOP\Temp\Compile\Admin\Goods\edit_4b4f6f79.php 第 309 行.

[ 2014-11-21T16:57:27+08:00 ]NOTICE:  : [8] Undefined variable: gt D:\wamp\www\www\11\ymgshop\YMGSHOP\Temp\Compile\Admin\Goods\edit_4b4f6f79.php 第 309 行.

[ 2014-11-21T16:57:33+08:00 ]NOTICE:  : [8] Undefined variable: data D:\wamp\www\www\11\ymgshop\YMGSHOP\Common\Model\GoodsAttrModel.class.php 第 77 行.
[ 2014-11-21T16:57:33+08:00 ]NOTICE:  : [2] Invalid argument supplied for foreach() D:\wamp\www\www\11\ymgshop\YMGSHOP\Common\Model\GoodsAttrModel.class.php 第 77 行.
[ 2014-11-21T16:57:33+08:00 ]NOTICE:  : [8] Undefined variable: data D:\wamp\www\www\11\ymgshop\YMGSHOP\Common\Model\GoodsAttrModel.class.php 第 84 行.

[ 2014-11-21T16:57:39+08:00 ]NOTICE:  : [8] Undefined variable: data D:\wamp\www\www\11\ymgshop\YMGSHOP\Common\Model\GoodsAttrModel.class.php 第 77 行.
[ 2014-11-21T16:57:39+08:00 ]NOTICE:  : [2] Invalid argument supplied for foreach() D:\wamp\www\www\11\ymgshop\YMGSHOP\Common\Model\GoodsAttrModel.class.php 第 77 行.
[ 2014-11-21T16:57:39+08:00 ]NOTICE:  : [8] Undefined variable: data D:\wamp\www\www\11\ymgshop\YMGSHOP\Common\Model\GoodsAttrModel.class.php 第 84 行.

[ 2014-11-21T17:17:50+08:00 ]NOTICE:  : [8] Undefined variable: gt D:\wamp\www\www\11\ymgshop\YMGSHOP\Temp\Compile\Admin\Goods\edit_4b4f6f79.php 第 309 行.

[ 2014-11-21T17:18:47+08:00 ]NOTICE:  : [8] Undefined variable: gt D:\wamp\www\www\11\ymgshop\YMGSHOP\Temp\Compile\Admin\Goods\edit_4b4f6f79.php 第 309 行.

[ 2014-11-21T17:20:03+08:00 ]NOTICE:  : [8] Undefined variable: gt D:\wamp\www\www\11\ymgshop\YMGSHOP\Temp\Compile\Admin\Goods\edit_4b4f6f79.php 第 309 行.

[ 2014-11-21T17:20:34+08:00 ]NOTICE:  : [8] Undefined variable: gt D:\wamp\www\www\11\ymgshop\YMGSHOP\Temp\Compile\Admin\Goods\edit_4b4f6f79.php 第 309 行.

[ 2014-11-21T17:22:43+08:00 ]NOTICE:  : [8] Undefined variable: gt D:\wamp\www\www\11\ymgshop\YMGSHOP\Temp\Compile\Admin\Goods\edit_4b4f6f79.php 第 309 行.

[ 2014-11-21T17:24:10+08:00 ]NOTICE:  : [8] Undefined variable: gt D:\wamp\www\www\11\ymgshop\YMGSHOP\Temp\Compile\Admin\Goods\edit_4b4f6f79.php 第 309 行.

[ 2014-11-21T17:24:34+08:00 ]NOTICE:  : [8] Undefined variable: gt D:\wamp\www\www\11\ymgshop\YMGSHOP\Temp\Compile\Admin\Goods\edit_4b4f6f79.php 第 314 行.

[ 2014-11-21T17:25:11+08:00 ]NOTICE:  : [8] Undefined variable: gt D:\wamp\www\www\11\ymgshop\YMGSHOP\Temp\Compile\Admin\Goods\edit_4b4f6f79.php 第 314 行.

[ 2014-11-21T17:33:03+08:00 ]NOTICE:  : [8] Undefined variable: gt D:\wamp\www\www\11\ymgshop\YMGSHOP\Temp\Compile\Admin\Goods\edit_4b4f6f79.php 第 314 行.

[ 2014-11-21T17:33:10+08:00 ]ERROR: [Error]Table 'ymgshop.shop_attrbute' doesn't exist	select *,a.attr_value default_value from shop_attrbute a LEFT JOIN (select * from shop_goods_attr where goods_id=16) ga ON a.attr_id=ga.attr_id where a.cat_id=0  [Time]14-11-21 05:33 [File]D:\wamp\www\www\11\ymgshop\YMGSHOP\Temp\~Boot.php [Line]1
[ 2014-11-21T17:33:10+08:00 ]NOTICE:  : [2] Invalid argument supplied for foreach() D:\wamp\www\www\11\ymgshop\YMGSHOP\Common\Model\GoodsAttrModel.class.php 第 77 行.

[ 2014-11-21T17:33:44+08:00 ]NOTICE:  : [8] Undefined variable: gt D:\wamp\www\www\11\ymgshop\YMGSHOP\Temp\Compile\Admin\Goods\edit_4b4f6f79.php 第 314 行.

[ 2014-11-21T17:34:00+08:00 ]NOTICE:  : [8] Undefined variable: gt D:\wamp\www\www\11\ymgshop\YMGSHOP\Temp\Compile\Admin\Goods\edit_4b4f6f79.php 第 314 行.

[ 2014-11-21T17:34:03+08:00 ]ERROR: [Error]Table 'ymgshop.shop_attrbute' doesn't exist	select *,a.attr_value default_value from shop_attrbute a LEFT JOIN (select * from shop_goods_attr where goods_id=16) ga ON a.attr_id=ga.attr_id where a.cat_id=0  [Time]14-11-21 05:34 [File]D:\wamp\www\www\11\ymgshop\YMGSHOP\Temp\~Boot.php [Line]1
[ 2014-11-21T17:34:03+08:00 ]NOTICE:  : [2] Invalid argument supplied for foreach() D:\wamp\www\www\11\ymgshop\YMGSHOP\Common\Model\GoodsAttrModel.class.php 第 78 行.

[ 2014-11-21T17:34:06+08:00 ]ERROR: [Error]Table 'ymgshop.shop_attrbute' doesn't exist	select *,a.attr_value default_value from shop_attrbute a LEFT JOIN (select * from shop_goods_attr where goods_id=16) ga ON a.attr_id=ga.attr_id where a.cat_id=1  [Time]14-11-21 05:34 [File]D:\wamp\www\www\11\ymgshop\YMGSHOP\Temp\~Boot.php [Line]1
[ 2014-11-21T17:34:06+08:00 ]NOTICE:  : [2] Invalid argument supplied for foreach() D:\wamp\www\www\11\ymgshop\YMGSHOP\Common\Model\GoodsAttrModel.class.php 第 78 行.

[ 2014-11-21T17:34:09+08:00 ]ERROR: [Error]Table 'ymgshop.shop_attrbute' doesn't exist	select *,a.attr_value default_value from shop_attrbute a LEFT JOIN (select * from shop_goods_attr where goods_id=16) ga ON a.attr_id=ga.attr_id where a.cat_id=0  [Time]14-11-21 05:34 [File]D:\wamp\www\www\11\ymgshop\YMGSHOP\Temp\~Boot.php [Line]1
[ 2014-11-21T17:34:09+08:00 ]NOTICE:  : [2] Invalid argument supplied for foreach() D:\wamp\www\www\11\ymgshop\YMGSHOP\Common\Model\GoodsAttrModel.class.php 第 78 行.

[ 2014-11-21T17:34:10+08:00 ]ERROR: [Error]Table 'ymgshop.shop_attrbute' doesn't exist	select *,a.attr_value default_value from shop_attrbute a LEFT JOIN (select * from shop_goods_attr where goods_id=16) ga ON a.attr_id=ga.attr_id where a.cat_id=1  [Time]14-11-21 05:34 [File]D:\wamp\www\www\11\ymgshop\YMGSHOP\Temp\~Boot.php [Line]1
[ 2014-11-21T17:34:10+08:00 ]NOTICE:  : [2] Invalid argument supplied for foreach() D:\wamp\www\www\11\ymgshop\YMGSHOP\Common\Model\GoodsAttrModel.class.php 第 78 行.

[ 2014-11-21T17:35:16+08:00 ]ERROR: [Error]Table 'ymgshop.shop_attrbute' doesn't exist	select *,a.attr_value default_value from shop_attrbute a LEFT JOIN (select * from shop_goods_attr where goods_id=16) ga ON a.attr_id=ga.attr_id where a.cat_id=0  [Time]14-11-21 05:35 [File]D:\wamp\www\www\11\ymgshop\YMGSHOP\Temp\~Boot.php [Line]1
[ 2014-11-21T17:35:16+08:00 ]NOTICE:  : [2] Invalid argument supplied for foreach() D:\wamp\www\www\11\ymgshop\YMGSHOP\Common\Model\GoodsAttrModel.class.php 第 78 行.

[ 2014-11-21T17:35:18+08:00 ]ERROR: [Error]Table 'ymgshop.shop_attrbute' doesn't exist	select *,a.attr_value default_value from shop_attrbute a LEFT JOIN (select * from shop_goods_attr where goods_id=16) ga ON a.attr_id=ga.attr_id where a.cat_id=1  [Time]14-11-21 05:35 [File]D:\wamp\www\www\11\ymgshop\YMGSHOP\Temp\~Boot.php [Line]1
[ 2014-11-21T17:35:18+08:00 ]NOTICE:  : [2] Invalid argument supplied for foreach() D:\wamp\www\www\11\ymgshop\YMGSHOP\Common\Model\GoodsAttrModel.class.php 第 78 行.

[ 2014-11-21T17:35:21+08:00 ]NOTICE:  : [8] Undefined variable: gt D:\wamp\www\www\11\ymgshop\YMGSHOP\Temp\Compile\Admin\Goods\edit_4b4f6f79.php 第 314 行.

[ 2014-11-21T17:35:25+08:00 ]ERROR: [Error]Table 'ymgshop.shop_attrbute' doesn't exist	select *,a.attr_value default_value from shop_attrbute a LEFT JOIN (select * from shop_goods_attr where goods_id=16) ga ON a.attr_id=ga.attr_id where a.cat_id=0  [Time]14-11-21 05:35 [File]D:\wamp\www\www\11\ymgshop\YMGSHOP\Temp\~Boot.php [Line]1
[ 2014-11-21T17:35:25+08:00 ]NOTICE:  : [2] Invalid argument supplied for foreach() D:\wamp\www\www\11\ymgshop\YMGSHOP\Common\Model\GoodsAttrModel.class.php 第 78 行.

[ 2014-11-21T17:35:27+08:00 ]ERROR: [Error]Table 'ymgshop.shop_attrbute' doesn't exist	select *,a.attr_value default_value from shop_attrbute a LEFT JOIN (select * from shop_goods_attr where goods_id=16) ga ON a.attr_id=ga.attr_id where a.cat_id=1  [Time]14-11-21 05:35 [File]D:\wamp\www\www\11\ymgshop\YMGSHOP\Temp\~Boot.php [Line]1
[ 2014-11-21T17:35:27+08:00 ]NOTICE:  : [2] Invalid argument supplied for foreach() D:\wamp\www\www\11\ymgshop\YMGSHOP\Common\Model\GoodsAttrModel.class.php 第 78 行.

[ 2014-11-21T17:36:06+08:00 ]NOTICE:  : [8] Undefined variable: gt D:\wamp\www\www\11\ymgshop\YMGSHOP\Temp\Compile\Admin\Goods\edit_4b4f6f79.php 第 314 行.

[ 2014-11-21T17:36:09+08:00 ]ERROR: [Error]Table 'ymgshop.shop_attrbute' doesn't exist	select *,a.attr_value default_value from shop_attrbute a LEFT JOIN (select * from shop_goods_attr where goods_id=1) ga ON a.attr_id=ga.attr_id where a.cat_id=0  [Time]14-11-21 05:36 [File]D:\wamp\www\www\11\ymgshop\YMGSHOP\Temp\~Boot.php [Line]1
[ 2014-11-21T17:36:09+08:00 ]NOTICE:  : [2] Invalid argument supplied for foreach() D:\wamp\www\www\11\ymgshop\YMGSHOP\Common\Model\GoodsAttrModel.class.php 第 78 行.

[ 2014-11-21T17:36:11+08:00 ]ERROR: [Error]Table 'ymgshop.shop_attrbute' doesn't exist	select *,a.attr_value default_value from shop_attrbute a LEFT JOIN (select * from shop_goods_attr where goods_id=1) ga ON a.attr_id=ga.attr_id where a.cat_id=1  [Time]14-11-21 05:36 [File]D:\wamp\www\www\11\ymgshop\YMGSHOP\Temp\~Boot.php [Line]1
[ 2014-11-21T17:36:11+08:00 ]NOTICE:  : [2] Invalid argument supplied for foreach() D:\wamp\www\www\11\ymgshop\YMGSHOP\Common\Model\GoodsAttrModel.class.php 第 78 行.

[ 2014-11-21T17:39:17+08:00 ]NOTICE:  : [8] Undefined variable: gt D:\wamp\www\www\11\ymgshop\YMGSHOP\Temp\Compile\Admin\Goods\edit_4b4f6f79.php 第 314 行.

[ 2014-11-21T17:39:27+08:00 ]ERROR: [Error]Table 'ymgshop.shop_attrbute' doesn't exist	select *,a.attr_value default_value from shop_attrbute a LEFT JOIN (select * from shop_goods_attr where goods_id=1) ga ON a.attr_id=ga.attr_id where a.cat_id=0  [Time]14-11-21 05:39 [File]D:\wamp\www\www\11\ymgshop\YMGSHOP\Temp\~Boot.php [Line]1
[ 2014-11-21T17:39:27+08:00 ]NOTICE:  : [2] Invalid argument supplied for foreach() D:\wamp\www\www\11\ymgshop\YMGSHOP\Common\Model\GoodsAttrModel.class.php 第 78 行.

[ 2014-11-21T17:39:44+08:00 ]ERROR: [Error]Table 'ymgshop.shop_attrbute' doesn't exist	select *,a.attr_value default_value from shop_attrbute a LEFT JOIN (select * from shop_goods_attr where goods_id=1) ga ON a.attr_id=ga.attr_id where a.cat_id=1  [Time]14-11-21 05:39 [File]D:\wamp\www\www\11\ymgshop\YMGSHOP\Temp\~Boot.php [Line]1
[ 2014-11-21T17:39:44+08:00 ]NOTICE:  : [2] Invalid argument supplied for foreach() D:\wamp\www\www\11\ymgshop\YMGSHOP\Common\Model\GoodsAttrModel.class.php 第 78 行.

[ 2014-11-21T18:23:55+08:00 ]NOTICE:  : [8] Use of undefined constant METHOD - assumed 'METHOD' D:\wamp\www\www\11\ymgshop\YMGSHOP\Temp\Compile\Admin\Index\index_3578992c.php 第 81 行.

[ 2014-11-21T18:23:55+08:00 ]ERROR: 控制器中不存在动作Css
[ 2014-11-21T18:23:55+08:00 ]ERROR: 控制器中不存在动作Css
[ 2014-11-21T18:24:56+08:00 ]NOTICE:  : [8] Use of undefined constant METHOD - assumed 'METHOD' D:\wamp\www\www\11\ymgshop\YMGSHOP\Temp\Compile\Admin\Index\index_3578992c.php 第 81 行.

[ 2014-11-21T18:24:57+08:00 ]ERROR: 控制器中不存在动作Css
[ 2014-11-21T18:24:57+08:00 ]ERROR: 控制器中不存在动作Css
[ 2014-11-21T19:13:09+08:00 ]NOTICE:  : [8] Use of undefined constant METHOD - assumed 'METHOD' D:\wamp\www\www\11\ymgshop\YMGSHOP\Temp\Compile\Admin\Index\index_3578992c.php 第 81 行.

[ 2014-11-21T19:13:09+08:00 ]ERROR: 控制器中不存在动作Css
[ 2014-11-21T19:13:09+08:00 ]ERROR: 控制器中不存在动作Css
[ 2014-11-21T19:21:21+08:00 ]ERROR: [Error]You have an error in your SQL syntax; check the manual that corresponds to your MySQL server version for the right syntax to use near 'a.attr_id attr_id from shop_attrbute a LEFT JOIN (select * from shop_goods_attr ' at line 1	select *,a.attr_value default_value a.attr_id attr_id from shop_attrbute a LEFT JOIN (select * from shop_goods_attr where goods_id=1) ga ON attr_id=ga.attr_id where a.cat_id=0  [Time]14-11-21 07:21 [File]D:\wamp\www\www\11\ymgshop\YMGSHOP\Temp\~Boot.php [Line]1
[ 2014-11-21T19:21:21+08:00 ]NOTICE:  : [2] Invalid argument supplied for foreach() D:\wamp\www\www\11\ymgshop\YMGSHOP\Common\Model\GoodsAttrModel.class.php 第 78 行.

[ 2014-11-21T19:21:24+08:00 ]ERROR: [Error]You have an error in your SQL syntax; check the manual that corresponds to your MySQL server version for the right syntax to use near 'a.attr_id attr_id from shop_attrbute a LEFT JOIN (select * from shop_goods_attr ' at line 1	select *,a.attr_value default_value a.attr_id attr_id from shop_attrbute a LEFT JOIN (select * from shop_goods_attr where goods_id=1) ga ON attr_id=ga.attr_id where a.cat_id=1  [Time]14-11-21 07:21 [File]D:\wamp\www\www\11\ymgshop\YMGSHOP\Temp\~Boot.php [Line]1
[ 2014-11-21T19:21:24+08:00 ]NOTICE:  : [2] Invalid argument supplied for foreach() D:\wamp\www\www\11\ymgshop\YMGSHOP\Common\Model\GoodsAttrModel.class.php 第 78 行.

[ 2014-11-21T19:25:26+08:00 ]NOTICE:  : [8] Undefined variable: data D:\wamp\www\www\11\ymgshop\YMGSHOP\Common\Model\GoodsAttrModel.class.php 第 78 行.
[ 2014-11-21T19:25:26+08:00 ]NOTICE:  : [2] Invalid argument supplied for foreach() D:\wamp\www\www\11\ymgshop\YMGSHOP\Common\Model\GoodsAttrModel.class.php 第 78 行.
[ 2014-11-21T19:25:26+08:00 ]NOTICE:  : [8] Undefined variable: data D:\wamp\www\www\11\ymgshop\YMGSHOP\Common\Model\GoodsAttrModel.class.php 第 85 行.

[ 2014-11-21T19:25:28+08:00 ]NOTICE:  : [8] Undefined variable: data D:\wamp\www\www\11\ymgshop\YMGSHOP\Common\Model\GoodsAttrModel.class.php 第 78 行.
[ 2014-11-21T19:25:28+08:00 ]NOTICE:  : [2] Invalid argument supplied for foreach() D:\wamp\www\www\11\ymgshop\YMGSHOP\Common\Model\GoodsAttrModel.class.php 第 78 行.
[ 2014-11-21T19:25:28+08:00 ]NOTICE:  : [8] Undefined variable: data D:\wamp\www\www\11\ymgshop\YMGSHOP\Common\Model\GoodsAttrModel.class.php 第 85 行.

[ 2014-11-21T19:25:29+08:00 ]NOTICE:  : [8] Undefined variable: data D:\wamp\www\www\11\ymgshop\YMGSHOP\Common\Model\GoodsAttrModel.class.php 第 78 行.
[ 2014-11-21T19:25:29+08:00 ]NOTICE:  : [2] Invalid argument supplied for foreach() D:\wamp\www\www\11\ymgshop\YMGSHOP\Common\Model\GoodsAttrModel.class.php 第 78 行.
[ 2014-11-21T19:25:29+08:00 ]NOTICE:  : [8] Undefined variable: data D:\wamp\www\www\11\ymgshop\YMGSHOP\Common\Model\GoodsAttrModel.class.php 第 85 行.

[ 2014-11-21T19:25:34+08:00 ]ERROR: [Error]You have an error in your SQL syntax; check the manual that corresponds to your MySQL server version for the right syntax to use near 'a.attr_id attr_id from shop_attrbute a LEFT JOIN (select * from shop_goods_attr ' at line 1	select *,a.attr_value default_value a.attr_id attr_id from shop_attrbute a LEFT JOIN (select * from shop_goods_attr where goods_id=1) ga ON attr_id=ga.attr_id where a.cat_id=0  [Time]14-11-21 07:25 [File]D:\wamp\www\www\11\ymgshop\YMGSHOP\Temp\~Boot.php [Line]1
[ 2014-11-21T19:25:34+08:00 ]NOTICE:  : [2] Invalid argument supplied for foreach() D:\wamp\www\www\11\ymgshop\YMGSHOP\Common\Model\GoodsAttrModel.class.php 第 78 行.

[ 2014-11-21T19:25:35+08:00 ]ERROR: [Error]You have an error in your SQL syntax; check the manual that corresponds to your MySQL server version for the right syntax to use near 'a.attr_id attr_id from shop_attrbute a LEFT JOIN (select * from shop_goods_attr ' at line 1	select *,a.attr_value default_value a.attr_id attr_id from shop_attrbute a LEFT JOIN (select * from shop_goods_attr where goods_id=1) ga ON attr_id=ga.attr_id where a.cat_id=1  [Time]14-11-21 07:25 [File]D:\wamp\www\www\11\ymgshop\YMGSHOP\Temp\~Boot.php [Line]1
[ 2014-11-21T19:25:35+08:00 ]NOTICE:  : [2] Invalid argument supplied for foreach() D:\wamp\www\www\11\ymgshop\YMGSHOP\Common\Model\GoodsAttrModel.class.php 第 78 行.

[ 2014-11-21T19:27:28+08:00 ]NOTICE:  : [8] Undefined variable: gt D:\wamp\www\www\11\ymgshop\YMGSHOP\Temp\Compile\Admin\Goods\edit_4b4f6f79.php 第 311 行.

[ 2014-11-21T19:27:32+08:00 ]ERROR: [Error]You have an error in your SQL syntax; check the manual that corresponds to your MySQL server version for the right syntax to use near 'a.attr_id attr_id from shop_attrbute a LEFT JOIN (select * from shop_goods_attr ' at line 1	select *,a.attr_value default_value a.attr_id attr_id from shop_attrbute a LEFT JOIN (select * from shop_goods_attr where goods_id=1) ga ON attr_id=ga.attr_id where a.cat_id=0  [Time]14-11-21 07:27 [File]D:\wamp\www\www\11\ymgshop\YMGSHOP\Temp\~Boot.php [Line]1
[ 2014-11-21T19:27:32+08:00 ]NOTICE:  : [2] Invalid argument supplied for foreach() D:\wamp\www\www\11\ymgshop\YMGSHOP\Common\Model\GoodsAttrModel.class.php 第 78 行.

[ 2014-11-21T19:27:33+08:00 ]ERROR: [Error]You have an error in your SQL syntax; check the manual that corresponds to your MySQL server version for the right syntax to use near 'a.attr_id attr_id from shop_attrbute a LEFT JOIN (select * from shop_goods_attr ' at line 1	select *,a.attr_value default_value a.attr_id attr_id from shop_attrbute a LEFT JOIN (select * from shop_goods_attr where goods_id=1) ga ON attr_id=ga.attr_id where a.cat_id=1  [Time]14-11-21 07:27 [File]D:\wamp\www\www\11\ymgshop\YMGSHOP\Temp\~Boot.php [Line]1
[ 2014-11-21T19:27:33+08:00 ]NOTICE:  : [2] Invalid argument supplied for foreach() D:\wamp\www\www\11\ymgshop\YMGSHOP\Common\Model\GoodsAttrModel.class.php 第 78 行.

[ 2014-11-21T19:28:42+08:00 ]NOTICE:  : [8] Undefined variable: gt D:\wamp\www\www\11\ymgshop\YMGSHOP\Temp\Compile\Admin\Goods\edit_4b4f6f79.php 第 311 行.

[ 2014-11-21T19:28:46+08:00 ]ERROR: [Error]You have an error in your SQL syntax; check the manual that corresponds to your MySQL server version for the right syntax to use near 'a.attr_id attr_id from shop_attribute a LEFT JOIN (select * from shop_goods_attr' at line 1	select *,a.attr_value default_value a.attr_id attr_id from shop_attribute a LEFT JOIN (select * from shop_goods_attr where goods_id=1) ga ON attr_id=ga.attr_id where a.cat_id=0  [Time]14-11-21 07:28 [File]D:\wamp\www\www\11\ymgshop\YMGSHOP\Temp\~Boot.php [Line]1
[ 2014-11-21T19:28:46+08:00 ]NOTICE:  : [2] Invalid argument supplied for foreach() D:\wamp\www\www\11\ymgshop\YMGSHOP\Common\Model\GoodsAttrModel.class.php 第 78 行.

[ 2014-11-21T19:28:47+08:00 ]ERROR: [Error]You have an error in your SQL syntax; check the manual that corresponds to your MySQL server version for the right syntax to use near 'a.attr_id attr_id from shop_attribute a LEFT JOIN (select * from shop_goods_attr' at line 1	select *,a.attr_value default_value a.attr_id attr_id from shop_attribute a LEFT JOIN (select * from shop_goods_attr where goods_id=1) ga ON attr_id=ga.attr_id where a.cat_id=1  [Time]14-11-21 07:28 [File]D:\wamp\www\www\11\ymgshop\YMGSHOP\Temp\~Boot.php [Line]1
[ 2014-11-21T19:28:47+08:00 ]NOTICE:  : [2] Invalid argument supplied for foreach() D:\wamp\www\www\11\ymgshop\YMGSHOP\Common\Model\GoodsAttrModel.class.php 第 78 行.

[ 2014-11-21T19:29:49+08:00 ]NOTICE:  : [8] Undefined variable: gt D:\wamp\www\www\11\ymgshop\YMGSHOP\Temp\Compile\Admin\Goods\edit_4b4f6f79.php 第 311 行.

[ 2014-11-21T19:29:55+08:00 ]ERROR: [Error]You have an error in your SQL syntax; check the manual that corresponds to your MySQL server version for the right syntax to use near 'a.attr_id attr_id from shop_attribute a LEFT JOIN (select * from shop_goods_attr' at line 1	select *,a.attr_value default_value a.attr_id attr_id from shop_attribute a LEFT JOIN (select * from shop_goods_attr where goods_id=1) ga ON attr_id=ga.attr_id where a.cat_id=0  [Time]14-11-21 07:29 [File]D:\wamp\www\www\11\ymgshop\YMGSHOP\Temp\~Boot.php [Line]1
[ 2014-11-21T19:29:55+08:00 ]NOTICE:  : [2] Invalid argument supplied for foreach() D:\wamp\www\www\11\ymgshop\YMGSHOP\Common\Model\GoodsAttrModel.class.php 第 78 行.

[ 2014-11-21T19:29:57+08:00 ]ERROR: [Error]You have an error in your SQL syntax; check the manual that corresponds to your MySQL server version for the right syntax to use near 'a.attr_id attr_id from shop_attribute a LEFT JOIN (select * from shop_goods_attr' at line 1	select *,a.attr_value default_value a.attr_id attr_id from shop_attribute a LEFT JOIN (select * from shop_goods_attr where goods_id=1) ga ON attr_id=ga.attr_id where a.cat_id=1  [Time]14-11-21 07:29 [File]D:\wamp\www\www\11\ymgshop\YMGSHOP\Temp\~Boot.php [Line]1
[ 2014-11-21T19:29:57+08:00 ]NOTICE:  : [2] Invalid argument supplied for foreach() D:\wamp\www\www\11\ymgshop\YMGSHOP\Common\Model\GoodsAttrModel.class.php 第 78 行.

[ 2014-11-21T19:32:05+08:00 ]NOTICE:  : [8] Undefined variable: gt D:\wamp\www\www\11\ymgshop\YMGSHOP\Temp\Compile\Admin\Goods\edit_4b4f6f79.php 第 311 行.

[ 2014-11-21T19:32:20+08:00 ]NOTICE:  : [8] Undefined variable: gt D:\wamp\www\www\11\ymgshop\YMGSHOP\Temp\Compile\Admin\Goods\edit_4b4f6f79.php 第 311 行.

[ 2014-11-21T19:32:24+08:00 ]ERROR: [Error]You have an error in your SQL syntax; check the manual that corresponds to your MySQL server version for the right syntax to use near 'a.attr_id attr_id from shop_attribute a LEFT JOIN (select * from shop_goods_attr' at line 1	select *,a.attr_value default_value a.attr_id attr_id from shop_attribute a LEFT JOIN (select * from shop_goods_attr where goods_id=1) ga ON attr_id=ga.attr_id where ga.cat_id=0  [Time]14-11-21 07:32 [File]D:\wamp\www\www\11\ymgshop\YMGSHOP\Temp\~Boot.php [Line]1
[ 2014-11-21T19:32:24+08:00 ]NOTICE:  : [2] Invalid argument supplied for foreach() D:\wamp\www\www\11\ymgshop\YMGSHOP\Common\Model\GoodsAttrModel.class.php 第 78 行.

[ 2014-11-21T19:32:26+08:00 ]ERROR: [Error]You have an error in your SQL syntax; check the manual that corresponds to your MySQL server version for the right syntax to use near 'a.attr_id attr_id from shop_attribute a LEFT JOIN (select * from shop_goods_attr' at line 1	select *,a.attr_value default_value a.attr_id attr_id from shop_attribute a LEFT JOIN (select * from shop_goods_attr where goods_id=1) ga ON attr_id=ga.attr_id where ga.cat_id=1  [Time]14-11-21 07:32 [File]D:\wamp\www\www\11\ymgshop\YMGSHOP\Temp\~Boot.php [Line]1
[ 2014-11-21T19:32:26+08:00 ]NOTICE:  : [2] Invalid argument supplied for foreach() D:\wamp\www\www\11\ymgshop\YMGSHOP\Common\Model\GoodsAttrModel.class.php 第 78 行.

[ 2014-11-21T19:34:28+08:00 ]NOTICE:  : [8] Undefined variable: gt D:\wamp\www\www\11\ymgshop\YMGSHOP\Temp\Compile\Admin\Goods\edit_4b4f6f79.php 第 311 行.

[ 2014-11-21T19:34:31+08:00 ]ERROR: [Error]Table 'ymgshop.attribute' doesn't exist	select *,a.attr_value default_value,a.attr_id attr_id from attribute AS a LEFT JOIN
                  (SELECT * FROM goods_attr AS ga where goods_gid=1) AS c
                  ON a.attr_id=c.attr_id WHERE a.cat_id=0 [Time]14-11-21 07:34 [File]D:\wamp\www\www\11\ymgshop\YMGSHOP\Temp\~Boot.php [Line]1
[ 2014-11-21T19:34:31+08:00 ]NOTICE:  : [2] Invalid argument supplied for foreach() D:\wamp\www\www\11\ymgshop\YMGSHOP\Common\Model\GoodsAttrModel.class.php 第 83 行.

[ 2014-11-21T19:34:33+08:00 ]ERROR: [Error]Table 'ymgshop.attribute' doesn't exist	select *,a.attr_value default_value,a.attr_id attr_id from attribute AS a LEFT JOIN
                  (SELECT * FROM goods_attr AS ga where goods_gid=1) AS c
                  ON a.attr_id=c.attr_id WHERE a.cat_id=1 [Time]14-11-21 07:34 [File]D:\wamp\www\www\11\ymgshop\YMGSHOP\Temp\~Boot.php [Line]1
[ 2014-11-21T19:34:33+08:00 ]NOTICE:  : [2] Invalid argument supplied for foreach() D:\wamp\www\www\11\ymgshop\YMGSHOP\Common\Model\GoodsAttrModel.class.php 第 83 行.

[ 2014-11-21T19:34:42+08:00 ]NOTICE:  : [8] Undefined variable: gt D:\wamp\www\www\11\ymgshop\YMGSHOP\Temp\Compile\Admin\Goods\edit_4b4f6f79.php 第 311 行.

[ 2014-11-21T19:34:46+08:00 ]ERROR: [Error]Table 'ymgshop.attribute' doesn't exist	select *,a.attr_value default_value,a.attr_id attr_id from attribute AS a LEFT JOIN
                  (SELECT * FROM goods_attr AS ga where goods_gid=1) AS c
                  ON a.attr_id=c.attr_id WHERE a.cat_id=0 [Time]14-11-21 07:34 [File]D:\wamp\www\www\11\ymgshop\YMGSHOP\Temp\~Boot.php [Line]1
[ 2014-11-21T19:34:46+08:00 ]NOTICE:  : [2] Invalid argument supplied for foreach() D:\wamp\www\www\11\ymgshop\YMGSHOP\Common\Model\GoodsAttrModel.class.php 第 83 行.

[ 2014-11-21T19:34:47+08:00 ]ERROR: [Error]Table 'ymgshop.attribute' doesn't exist	select *,a.attr_value default_value,a.attr_id attr_id from attribute AS a LEFT JOIN
                  (SELECT * FROM goods_attr AS ga where goods_gid=1) AS c
                  ON a.attr_id=c.attr_id WHERE a.cat_id=1 [Time]14-11-21 07:34 [File]D:\wamp\www\www\11\ymgshop\YMGSHOP\Temp\~Boot.php [Line]1
[ 2014-11-21T19:34:47+08:00 ]NOTICE:  : [2] Invalid argument supplied for foreach() D:\wamp\www\www\11\ymgshop\YMGSHOP\Common\Model\GoodsAttrModel.class.php 第 83 行.

[ 2014-11-21T19:36:43+08:00 ]NOTICE:  : [8] Undefined variable: data D:\wamp\www\www\11\ymgshop\YMGSHOP\Common\Model\GoodsAttrModel.class.php 第 83 行.
[ 2014-11-21T19:36:43+08:00 ]NOTICE:  : [2] Invalid argument supplied for foreach() D:\wamp\www\www\11\ymgshop\YMGSHOP\Common\Model\GoodsAttrModel.class.php 第 83 行.
[ 2014-11-21T19:36:43+08:00 ]NOTICE:  : [8] Undefined variable: data D:\wamp\www\www\11\ymgshop\YMGSHOP\Common\Model\GoodsAttrModel.class.php 第 89 行.
[ 2014-11-21T19:36:43+08:00 ]NOTICE:  : [8] Undefined variable: data D:\wamp\www\www\11\ymgshop\YMGSHOP\Common\Model\GoodsAttrModel.class.php 第 90 行.

[ 2014-11-21T19:36:44+08:00 ]NOTICE:  : [8] Undefined variable: data D:\wamp\www\www\11\ymgshop\YMGSHOP\Common\Model\GoodsAttrModel.class.php 第 83 行.
[ 2014-11-21T19:36:44+08:00 ]NOTICE:  : [2] Invalid argument supplied for foreach() D:\wamp\www\www\11\ymgshop\YMGSHOP\Common\Model\GoodsAttrModel.class.php 第 83 行.
[ 2014-11-21T19:36:44+08:00 ]NOTICE:  : [8] Undefined variable: data D:\wamp\www\www\11\ymgshop\YMGSHOP\Common\Model\GoodsAttrModel.class.php 第 89 行.
[ 2014-11-21T19:36:44+08:00 ]NOTICE:  : [8] Undefined variable: data D:\wamp\www\www\11\ymgshop\YMGSHOP\Common\Model\GoodsAttrModel.class.php 第 90 行.

[ 2014-11-21T19:36:51+08:00 ]ERROR: [Error]Table 'ymgshop.attribute' doesn't exist	select *,a.attr_value default_value,a.attr_id attr_id from attribute AS a LEFT JOIN
                  (SELECT * FROM goods_attr AS ga where goods_gid=1) AS c
                  ON a.attr_id=c.attr_id WHERE a.cat_id=0 [Time]14-11-21 07:36 [File]D:\wamp\www\www\11\ymgshop\YMGSHOP\Temp\~Boot.php [Line]1
[ 2014-11-21T19:36:51+08:00 ]NOTICE:  : [2] Invalid argument supplied for foreach() D:\wamp\www\www\11\ymgshop\YMGSHOP\Common\Model\GoodsAttrModel.class.php 第 83 行.

[ 2014-11-21T19:36:53+08:00 ]ERROR: [Error]Table 'ymgshop.attribute' doesn't exist	select *,a.attr_value default_value,a.attr_id attr_id from attribute AS a LEFT JOIN
                  (SELECT * FROM goods_attr AS ga where goods_gid=1) AS c
                  ON a.attr_id=c.attr_id WHERE a.cat_id=1 [Time]14-11-21 07:36 [File]D:\wamp\www\www\11\ymgshop\YMGSHOP\Temp\~Boot.php [Line]1
[ 2014-11-21T19:36:53+08:00 ]NOTICE:  : [2] Invalid argument supplied for foreach() D:\wamp\www\www\11\ymgshop\YMGSHOP\Common\Model\GoodsAttrModel.class.php 第 83 行.

[ 2014-11-21T19:36:59+08:00 ]NOTICE:  : [8] Undefined variable: data D:\wamp\www\www\11\ymgshop\YMGSHOP\Common\Model\GoodsAttrModel.class.php 第 83 行.
[ 2014-11-21T19:36:59+08:00 ]NOTICE:  : [2] Invalid argument supplied for foreach() D:\wamp\www\www\11\ymgshop\YMGSHOP\Common\Model\GoodsAttrModel.class.php 第 83 行.
[ 2014-11-21T19:36:59+08:00 ]NOTICE:  : [8] Undefined variable: data D:\wamp\www\www\11\ymgshop\YMGSHOP\Common\Model\GoodsAttrModel.class.php 第 89 行.
[ 2014-11-21T19:36:59+08:00 ]NOTICE:  : [8] Undefined variable: data D:\wamp\www\www\11\ymgshop\YMGSHOP\Common\Model\GoodsAttrModel.class.php 第 90 行.

[ 2014-11-21T19:37:01+08:00 ]NOTICE:  : [8] Undefined variable: data D:\wamp\www\www\11\ymgshop\YMGSHOP\Common\Model\GoodsAttrModel.class.php 第 83 行.
[ 2014-11-21T19:37:01+08:00 ]NOTICE:  : [2] Invalid argument supplied for foreach() D:\wamp\www\www\11\ymgshop\YMGSHOP\Common\Model\GoodsAttrModel.class.php 第 83 行.
[ 2014-11-21T19:37:01+08:00 ]NOTICE:  : [8] Undefined variable: data D:\wamp\www\www\11\ymgshop\YMGSHOP\Common\Model\GoodsAttrModel.class.php 第 89 行.
[ 2014-11-21T19:37:01+08:00 ]NOTICE:  : [8] Undefined variable: data D:\wamp\www\www\11\ymgshop\YMGSHOP\Common\Model\GoodsAttrModel.class.php 第 90 行.

[ 2014-11-21T19:45:14+08:00 ]NOTICE:  : [8] Undefined variable: gt D:\wamp\www\www\11\ymgshop\YMGSHOP\Temp\Compile\Admin\Goods\edit_4b4f6f79.php 第 311 行.

[ 2014-11-21T20:45:45+08:00 ]NOTICE:  : [8] Use of undefined constant METHOD - assumed 'METHOD' D:\wamp\www\www\11\ymgshop\YMGSHOP\Temp\Compile\Admin\Index\index_3578992c.php 第 81 行.

[ 2014-11-21T20:45:45+08:00 ]ERROR: 控制器中不存在动作Css
[ 2014-11-21T20:45:45+08:00 ]ERROR: 控制器中不存在动作Css
[ 2014-11-21T20:46:37+08:00 ]NOTICE:  : [8] Use of undefined constant METHOD - assumed 'METHOD' D:\wamp\www\www\11\ymgshop\YMGSHOP\Temp\Compile\Admin\Index\index_3578992c.php 第 81 行.

[ 2014-11-21T20:46:37+08:00 ]ERROR: 控制器中不存在动作Css
[ 2014-11-21T20:46:37+08:00 ]ERROR: 控制器中不存在动作Css
[ 2014-11-21T20:49:29+08:00 ]NOTICE:  : [8] Use of undefined constant METHOD - assumed 'METHOD' D:\wamp\www\www\11\ymgshop\YMGSHOP\Temp\Compile\Admin\Index\index_3578992c.php 第 81 行.

[ 2014-11-21T20:49:30+08:00 ]ERROR: 控制器中不存在动作Css
[ 2014-11-21T20:49:30+08:00 ]ERROR: 控制器中不存在动作Css
[ 2014-11-21T20:50:33+08:00 ]NOTICE:  : [8] Use of undefined constant METHOD - assumed 'METHOD' D:\wamp\www\www\11\ymgshop\YMGSHOP\Temp\Compile\Admin\Index\index_3578992c.php 第 81 行.

[ 2014-11-21T20:50:33+08:00 ]ERROR: 控制器中不存在动作Css
[ 2014-11-21T20:50:33+08:00 ]ERROR: 控制器中不存在动作Css
[ 2014-11-21T20:50:37+08:00 ]NOTICE:  : [8] Use of undefined constant METHOD - assumed 'METHOD' D:\wamp\www\www\11\ymgshop\YMGSHOP\Temp\Compile\Admin\Index\index_3578992c.php 第 81 行.

[ 2014-11-21T20:50:37+08:00 ]ERROR: 控制器中不存在动作Css
[ 2014-11-21T20:50:37+08:00 ]ERROR: 控制器中不存在动作Css
[ 2014-11-21T20:56:42+08:00 ]NOTICE:  : [8] Use of undefined constant METHOD - assumed 'METHOD' D:\wamp\www\www\11\ymgshop\YMGSHOP\Temp\Compile\Admin\Index\index_3578992c.php 第 81 行.

[ 2014-11-21T20:56:42+08:00 ]ERROR: 控制器中不存在动作Css
[ 2014-11-21T20:56:42+08:00 ]ERROR: 控制器中不存在动作Css
[ 2014-11-21T20:56:54+08:00 ]NOTICE:  : [8] Use of undefined constant METHOD - assumed 'METHOD' D:\wamp\www\www\11\ymgshop\YMGSHOP\Temp\Compile\Admin\Index\index_3578992c.php 第 81 行.

[ 2014-11-21T20:56:54+08:00 ]ERROR: 控制器中不存在动作Css
[ 2014-11-21T20:56:54+08:00 ]ERROR: 控制器中不存在动作Css
[ 2014-11-21T20:56:55+08:00 ]NOTICE:  : [8] Use of undefined constant METHOD - assumed 'METHOD' D:\wamp\www\www\11\ymgshop\YMGSHOP\Temp\Compile\Admin\Index\index_3578992c.php 第 81 行.

[ 2014-11-21T20:56:55+08:00 ]NOTICE:  : [8] Use of undefined constant METHOD - assumed 'METHOD' D:\wamp\www\www\11\ymgshop\YMGSHOP\Temp\Compile\Admin\Index\index_3578992c.php 第 81 行.

[ 2014-11-21T20:56:55+08:00 ]NOTICE:  : [8] Use of undefined constant METHOD - assumed 'METHOD' D:\wamp\www\www\11\ymgshop\YMGSHOP\Temp\Compile\Admin\Index\index_3578992c.php 第 81 行.

[ 2014-11-21T20:56:55+08:00 ]NOTICE:  : [8] Use of undefined constant METHOD - assumed 'METHOD' D:\wamp\www\www\11\ymgshop\YMGSHOP\Temp\Compile\Admin\Index\index_3578992c.php 第 81 行.

[ 2014-11-21T20:56:55+08:00 ]NOTICE:  : [8] Use of undefined constant METHOD - assumed 'METHOD' D:\wamp\www\www\11\ymgshop\YMGSHOP\Temp\Compile\Admin\Index\index_3578992c.php 第 81 行.

[ 2014-11-21T20:56:55+08:00 ]NOTICE:  : [8] Use of undefined constant METHOD - assumed 'METHOD' D:\wamp\www\www\11\ymgshop\YMGSHOP\Temp\Compile\Admin\Index\index_3578992c.php 第 81 行.

[ 2014-11-21T20:56:55+08:00 ]NOTICE:  : [8] Use of undefined constant METHOD - assumed 'METHOD' D:\wamp\www\www\11\ymgshop\YMGSHOP\Temp\Compile\Admin\Index\index_3578992c.php 第 81 行.

[ 2014-11-21T20:56:55+08:00 ]NOTICE:  : [8] Use of undefined constant METHOD - assumed 'METHOD' D:\wamp\www\www\11\ymgshop\YMGSHOP\Temp\Compile\Admin\Index\index_3578992c.php 第 81 行.

[ 2014-11-21T20:56:55+08:00 ]NOTICE:  : [8] Use of undefined constant METHOD - assumed 'METHOD' D:\wamp\www\www\11\ymgshop\YMGSHOP\Temp\Compile\Admin\Index\index_3578992c.php 第 81 行.

[ 2014-11-21T20:56:55+08:00 ]NOTICE:  : [8] Use of undefined constant METHOD - assumed 'METHOD' D:\wamp\www\www\11\ymgshop\YMGSHOP\Temp\Compile\Admin\Index\index_3578992c.php 第 81 行.

[ 2014-11-21T20:56:55+08:00 ]NOTICE:  : [8] Use of undefined constant METHOD - assumed 'METHOD' D:\wamp\www\www\11\ymgshop\YMGSHOP\Temp\Compile\Admin\Index\index_3578992c.php 第 81 行.

[ 2014-11-21T20:56:55+08:00 ]NOTICE:  : [8] Use of undefined constant METHOD - assumed 'METHOD' D:\wamp\www\www\11\ymgshop\YMGSHOP\Temp\Compile\Admin\Index\index_3578992c.php 第 81 行.

[ 2014-11-21T20:56:55+08:00 ]NOTICE:  : [8] Use of undefined constant METHOD - assumed 'METHOD' D:\wamp\www\www\11\ymgshop\YMGSHOP\Temp\Compile\Admin\Index\index_3578992c.php 第 81 行.

[ 2014-11-21T20:56:55+08:00 ]NOTICE:  : [8] Use of undefined constant METHOD - assumed 'METHOD' D:\wamp\www\www\11\ymgshop\YMGSHOP\Temp\Compile\Admin\Index\index_3578992c.php 第 81 行.

[ 2014-11-21T20:56:55+08:00 ]NOTICE:  : [8] Use of undefined constant METHOD - assumed 'METHOD' D:\wamp\www\www\11\ymgshop\YMGSHOP\Temp\Compile\Admin\Index\index_3578992c.php 第 81 行.

[ 2014-11-21T20:56:55+08:00 ]NOTICE:  : [8] Use of undefined constant METHOD - assumed 'METHOD' D:\wamp\www\www\11\ymgshop\YMGSHOP\Temp\Compile\Admin\Index\index_3578992c.php 第 81 行.

[ 2014-11-21T20:56:55+08:00 ]NOTICE:  : [8] Use of undefined constant METHOD - assumed 'METHOD' D:\wamp\www\www\11\ymgshop\YMGSHOP\Temp\Compile\Admin\Index\index_3578992c.php 第 81 行.

[ 2014-11-21T20:56:55+08:00 ]NOTICE:  : [8] Use of undefined constant METHOD - assumed 'METHOD' D:\wamp\www\www\11\ymgshop\YMGSHOP\Temp\Compile\Admin\Index\index_3578992c.php 第 81 行.

[ 2014-11-21T20:56:55+08:00 ]NOTICE:  : [8] Use of undefined constant METHOD - assumed 'METHOD' D:\wamp\www\www\11\ymgshop\YMGSHOP\Temp\Compile\Admin\Index\index_3578992c.php 第 81 行.

[ 2014-11-21T20:56:55+08:00 ]NOTICE:  : [8] Use of undefined constant METHOD - assumed 'METHOD' D:\wamp\www\www\11\ymgshop\YMGSHOP\Temp\Compile\Admin\Index\index_3578992c.php 第 81 行.

[ 2014-11-21T20:56:55+08:00 ]NOTICE:  : [8] Use of undefined constant METHOD - assumed 'METHOD' D:\wamp\www\www\11\ymgshop\YMGSHOP\Temp\Compile\Admin\Index\index_3578992c.php 第 81 行.

[ 2014-11-21T20:56:55+08:00 ]NOTICE:  : [8] Use of undefined constant METHOD - assumed 'METHOD' D:\wamp\www\www\11\ymgshop\YMGSHOP\Temp\Compile\Admin\Index\index_3578992c.php 第 81 行.

[ 2014-11-21T20:56:55+08:00 ]NOTICE:  : [8] Use of undefined constant METHOD - assumed 'METHOD' D:\wamp\www\www\11\ymgshop\YMGSHOP\Temp\Compile\Admin\Index\index_3578992c.php 第 81 行.

[ 2014-11-21T20:56:55+08:00 ]NOTICE:  : [8] Use of undefined constant METHOD - assumed 'METHOD' D:\wamp\www\www\11\ymgshop\YMGSHOP\Temp\Compile\Admin\Index\index_3578992c.php 第 81 行.

[ 2014-11-21T20:56:55+08:00 ]NOTICE:  : [8] Use of undefined constant METHOD - assumed 'METHOD' D:\wamp\www\www\11\ymgshop\YMGSHOP\Temp\Compile\Admin\Index\index_3578992c.php 第 81 行.

[ 2014-11-21T20:56:55+08:00 ]NOTICE:  : [8] Use of undefined constant METHOD - assumed 'METHOD' D:\wamp\www\www\11\ymgshop\YMGSHOP\Temp\Compile\Admin\Index\index_3578992c.php 第 81 行.

[ 2014-11-21T20:56:56+08:00 ]NOTICE:  : [8] Use of undefined constant METHOD - assumed 'METHOD' D:\wamp\www\www\11\ymgshop\YMGSHOP\Temp\Compile\Admin\Index\index_3578992c.php 第 81 行.

[ 2014-11-21T20:56:56+08:00 ]NOTICE:  : [8] Use of undefined constant METHOD - assumed 'METHOD' D:\wamp\www\www\11\ymgshop\YMGSHOP\Temp\Compile\Admin\Index\index_3578992c.php 第 81 行.

[ 2014-11-21T20:56:56+08:00 ]NOTICE:  : [8] Use of undefined constant METHOD - assumed 'METHOD' D:\wamp\www\www\11\ymgshop\YMGSHOP\Temp\Compile\Admin\Index\index_3578992c.php 第 81 行.

[ 2014-11-21T20:56:56+08:00 ]NOTICE:  : [8] Use of undefined constant METHOD - assumed 'METHOD' D:\wamp\www\www\11\ymgshop\YMGSHOP\Temp\Compile\Admin\Index\index_3578992c.php 第 81 行.

[ 2014-11-21T20:56:56+08:00 ]NOTICE:  : [8] Use of undefined constant METHOD - assumed 'METHOD' D:\wamp\www\www\11\ymgshop\YMGSHOP\Temp\Compile\Admin\Index\index_3578992c.php 第 81 行.

[ 2014-11-21T20:56:56+08:00 ]NOTICE:  : [8] Use of undefined constant METHOD - assumed 'METHOD' D:\wamp\www\www\11\ymgshop\YMGSHOP\Temp\Compile\Admin\Index\index_3578992c.php 第 81 行.

[ 2014-11-21T20:56:56+08:00 ]NOTICE:  : [8] Use of undefined constant METHOD - assumed 'METHOD' D:\wamp\www\www\11\ymgshop\YMGSHOP\Temp\Compile\Admin\Index\index_3578992c.php 第 81 行.

[ 2014-11-21T20:56:56+08:00 ]NOTICE:  : [8] Use of undefined constant METHOD - assumed 'METHOD' D:\wamp\www\www\11\ymgshop\YMGSHOP\Temp\Compile\Admin\Index\index_3578992c.php 第 81 行.

[ 2014-11-21T20:56:56+08:00 ]NOTICE:  : [8] Use of undefined constant METHOD - assumed 'METHOD' D:\wamp\www\www\11\ymgshop\YMGSHOP\Temp\Compile\Admin\Index\index_3578992c.php 第 81 行.

[ 2014-11-21T20:56:56+08:00 ]NOTICE:  : [8] Use of undefined constant METHOD - assumed 'METHOD' D:\wamp\www\www\11\ymgshop\YMGSHOP\Temp\Compile\Admin\Index\index_3578992c.php 第 81 行.

[ 2014-11-21T20:56:56+08:00 ]NOTICE:  : [8] Use of undefined constant METHOD - assumed 'METHOD' D:\wamp\www\www\11\ymgshop\YMGSHOP\Temp\Compile\Admin\Index\index_3578992c.php 第 81 行.

[ 2014-11-21T20:56:56+08:00 ]NOTICE:  : [8] Use of undefined constant METHOD - assumed 'METHOD' D:\wamp\www\www\11\ymgshop\YMGSHOP\Temp\Compile\Admin\Index\index_3578992c.php 第 81 行.

[ 2014-11-21T20:56:56+08:00 ]NOTICE:  : [8] Use of undefined constant METHOD - assumed 'METHOD' D:\wamp\www\www\11\ymgshop\YMGSHOP\Temp\Compile\Admin\Index\index_3578992c.php 第 81 行.

[ 2014-11-21T20:56:56+08:00 ]NOTICE:  : [8] Use of undefined constant METHOD - assumed 'METHOD' D:\wamp\www\www\11\ymgshop\YMGSHOP\Temp\Compile\Admin\Index\index_3578992c.php 第 81 行.

[ 2014-11-21T20:56:56+08:00 ]NOTICE:  : [8] Use of undefined constant METHOD - assumed 'METHOD' D:\wamp\www\www\11\ymgshop\YMGSHOP\Temp\Compile\Admin\Index\index_3578992c.php 第 81 行.

[ 2014-11-21T20:56:56+08:00 ]ERROR: 控制器中不存在动作Css
[ 2014-11-21T20:56:56+08:00 ]ERROR: 控制器中不存在动作Css
[ 2014-11-21T20:56:59+08:00 ]NOTICE:  : [8] Use of undefined constant METHOD - assumed 'METHOD' D:\wamp\www\www\11\ymgshop\YMGSHOP\Temp\Compile\Admin\Index\index_3578992c.php 第 81 行.

[ 2014-11-21T20:56:59+08:00 ]ERROR: 控制器中不存在动作Css
[ 2014-11-21T20:56:59+08:00 ]ERROR: 控制器中不存在动作Css
[ 2014-11-21T20:57:00+08:00 ]NOTICE:  : [8] Use of undefined constant METHOD - assumed 'METHOD' D:\wamp\www\www\11\ymgshop\YMGSHOP\Temp\Compile\Admin\Index\index_3578992c.php 第 81 行.

[ 2014-11-21T20:57:00+08:00 ]ERROR: 控制器中不存在动作Css
[ 2014-11-21T20:57:00+08:00 ]ERROR: 控制器中不存在动作Css
[ 2014-11-21T20:57:00+08:00 ]NOTICE:  : [8] Use of undefined constant METHOD - assumed 'METHOD' D:\wamp\www\www\11\ymgshop\YMGSHOP\Temp\Compile\Admin\Index\index_3578992c.php 第 81 行.

[ 2014-11-21T20:57:00+08:00 ]ERROR: 控制器中不存在动作Css
[ 2014-11-21T20:57:01+08:00 ]NOTICE:  : [8] Use of undefined constant METHOD - assumed 'METHOD' D:\wamp\www\www\11\ymgshop\YMGSHOP\Temp\Compile\Admin\Index\index_3578992c.php 第 81 行.

[ 2014-11-21T20:57:01+08:00 ]NOTICE:  : [8] Use of undefined constant METHOD - assumed 'METHOD' D:\wamp\www\www\11\ymgshop\YMGSHOP\Temp\Compile\Admin\Index\index_3578992c.php 第 81 行.

[ 2014-11-21T20:57:01+08:00 ]ERROR: 控制器中不存在动作Css
[ 2014-11-21T20:57:01+08:00 ]ERROR: 控制器中不存在动作Css
[ 2014-11-21T21:13:08+08:00 ]NOTICE:  : [8] Undefined index: username D:\wamp\www\www\11\ymgshop\YMGSHOP\Temp\Compile\Admin\Index\index_3578992c.php 第 63 行.
[ 2014-11-21T21:13:08+08:00 ]NOTICE:  : [8] Use of undefined constant METHOD - assumed 'METHOD' D:\wamp\www\www\11\ymgshop\YMGSHOP\Temp\Compile\Admin\Index\index_3578992c.php 第 81 行.

[ 2014-11-21T21:13:08+08:00 ]ERROR: 控制器中不存在动作Css
[ 2014-11-21T22:25:49+08:00 ]NOTICE:  : [2] is_array() expects exactly 1 parameter, 2 given D:\wamp\www\www\11\ymgshop\YMGSHOP\Common\Model\GoodsAttrModel.class.php 第 115 行.

[ 2014-11-21T22:27:54+08:00 ]NOTICE:  : [2] is_array() expects exactly 1 parameter, 2 given D:\wamp\www\www\11\ymgshop\YMGSHOP\Common\Model\GoodsAttrModel.class.php 第 115 行.

[ 2014-11-21T22:39:20+08:00 ]NOTICE:  : [2] is_array() expects exactly 1 parameter, 2 given D:\wamp\www\www\11\ymgshop\YMGSHOP\Common\Model\GoodsAttrModel.class.php 第 115 行.

[ 2014-11-21T22:41:16+08:00 ]NOTICE:  : [2] is_array() expects exactly 1 parameter, 2 given D:\wamp\www\www\11\ymgshop\YMGSHOP\Common\Model\GoodsAttrModel.class.php 第 115 行.

[ 2014-11-21T22:42:23+08:00 ]NOTICE:  : [2] is_array() expects exactly 1 parameter, 2 given D:\wamp\www\www\11\ymgshop\YMGSHOP\Common\Model\GoodsAttrModel.class.php 第 115 行.

[ 2014-11-21T22:44:12+08:00 ]NOTICE:  : [2] is_array() expects exactly 1 parameter, 2 given D:\wamp\www\www\11\ymgshop\YMGSHOP\Common\Model\GoodsAttrModel.class.php 第 115 行.

[ 2014-11-21T22:44:36+08:00 ]NOTICE:  : [2] is_array() expects exactly 1 parameter, 2 given D:\wamp\www\www\11\ymgshop\YMGSHOP\Common\Model\GoodsAttrModel.class.php 第 115 行.

[ 2014-11-21T22:46:06+08:00 ]NOTICE:  : [2] is_array() expects exactly 1 parameter, 2 given D:\wamp\www\www\11\ymgshop\YMGSHOP\Common\Model\GoodsAttrModel.class.php 第 115 行.

[ 2014-11-21T22:47:24+08:00 ]NOTICE:  : [8] Undefined index: username D:\wamp\www\www\11\ymgshop\YMGSHOP\Temp\Compile\Admin\Index\index_3578992c.php 第 63 行.
[ 2014-11-21T22:47:24+08:00 ]NOTICE:  : [8] Use of undefined constant METHOD - assumed 'METHOD' D:\wamp\www\www\11\ymgshop\YMGSHOP\Temp\Compile\Admin\Index\index_3578992c.php 第 81 行.

[ 2014-11-21T22:47:24+08:00 ]ERROR: 控制器中不存在动作Css
[ 2014-11-21T22:47:24+08:00 ]ERROR: 控制器中不存在动作Css
